[02-Jul-2017 22:55:28 America/Sao_Paulo] PHP Warning:  PHP Startup: Unable to load dynamic library '/usr/lib/php/20160303/msql.so' - /usr/lib/php/20160303/msql.so: cannot open shared object file: No such file or directory in Unknown on line 0
[02-Jul-2017 22:55:28 America/Sao_Paulo] PHP Warning:  PHP Startup: Unable to load dynamic library '/usr/lib/php/20160303/php_mysqli.dll' - /usr/lib/php/20160303/php_mysqli.dll: cannot open shared object file: No such file or directory in Unknown on line 0
[02-Jul-2017 22:55:28 America/Sao_Paulo] PHP Warning:  PHP Startup: Unable to load dynamic library '/usr/lib/php/20160303/php_pdo_mysql.dll' - /usr/lib/php/20160303/php_pdo_mysql.dll: cannot open shared object file: No such file or directory in Unknown on line 0
[02-Jul-2017 22:55:28 America/Sao_Paulo] PHP Warning:  PHP Startup: Unable to load dynamic library '/usr/lib/php/20160303/php_pdo_pgsql.dll' - /usr/lib/php/20160303/php_pdo_pgsql.dll: cannot open shared object file: No such file or directory in Unknown on line 0
[02-Jul-2017 22:55:28 America/Sao_Paulo] PHP Warning:  PHP Startup: Unable to load dynamic library '/usr/lib/php/20160303/php_pdo_sqlite.dll' - /usr/lib/php/20160303/php_pdo_sqlite.dll: cannot open shared object file: No such file or directory in Unknown on line 0
[02-Jul-2017 22:55:28 America/Sao_Paulo] PHP Warning:  PHP Startup: Unable to load dynamic library '/usr/lib/php/20160303/php_pgsql.dll' - /usr/lib/php/20160303/php_pgsql.dll: cannot open shared object file: No such file or directory in Unknown on line 0
[02-Jul-2017 22:57:07 America/Sao_Paulo] PHP Warning:  PHP Startup: Unable to load dynamic library '/usr/lib/php/20160303/msql.so' - /usr/lib/php/20160303/msql.so: cannot open shared object file: No such file or directory in Unknown on line 0
[02-Jul-2017 22:57:07 America/Sao_Paulo] PHP Warning:  PHP Startup: Unable to load dynamic library '/usr/lib/php/20160303/php_mysqli.dll' - /usr/lib/php/20160303/php_mysqli.dll: cannot open shared object file: No such file or directory in Unknown on line 0
[02-Jul-2017 22:57:07 America/Sao_Paulo] PHP Warning:  PHP Startup: Unable to load dynamic library '/usr/lib/php/20160303/php_pdo_mysql.dll' - /usr/lib/php/20160303/php_pdo_mysql.dll: cannot open shared object file: No such file or directory in Unknown on line 0
[02-Jul-2017 22:57:07 America/Sao_Paulo] PHP Warning:  PHP Startup: Unable to load dynamic library '/usr/lib/php/20160303/php_pdo_pgsql.dll' - /usr/lib/php/20160303/php_pdo_pgsql.dll: cannot open shared object file: No such file or directory in Unknown on line 0
[02-Jul-2017 22:57:07 America/Sao_Paulo] PHP Warning:  PHP Startup: Unable to load dynamic library '/usr/lib/php/20160303/php_pdo_sqlite.dll' - /usr/lib/php/20160303/php_pdo_sqlite.dll: cannot open shared object file: No such file or directory in Unknown on line 0
[02-Jul-2017 22:57:07 America/Sao_Paulo] PHP Warning:  PHP Startup: Unable to load dynamic library '/usr/lib/php/20160303/php_pgsql.dll' - /usr/lib/php/20160303/php_pgsql.dll: cannot open shared object file: No such file or directory in Unknown on line 0
[02-Jul-2017 22:57:37 America/Sao_Paulo] PHP Warning:  PHP Startup: Unable to load dynamic library '/usr/lib/php/20160303/msql.so' - /usr/lib/php/20160303/msql.so: cannot open shared object file: No such file or directory in Unknown on line 0
[02-Jul-2017 22:57:37 America/Sao_Paulo] PHP Warning:  PHP Startup: Unable to load dynamic library '/usr/lib/php/20160303/php_mysqli.dll' - /usr/lib/php/20160303/php_mysqli.dll: cannot open shared object file: No such file or directory in Unknown on line 0
[02-Jul-2017 22:57:37 America/Sao_Paulo] PHP Warning:  PHP Startup: Unable to load dynamic library '/usr/lib/php/20160303/php_pdo_mysql.dll' - /usr/lib/php/20160303/php_pdo_mysql.dll: cannot open shared object file: No such file or directory in Unknown on line 0
[02-Jul-2017 22:57:37 America/Sao_Paulo] PHP Warning:  PHP Startup: Unable to load dynamic library '/usr/lib/php/20160303/php_pdo_pgsql.dll' - /usr/lib/php/20160303/php_pdo_pgsql.dll: cannot open shared object file: No such file or directory in Unknown on line 0
[02-Jul-2017 22:57:37 America/Sao_Paulo] PHP Warning:  PHP Startup: Unable to load dynamic library '/usr/lib/php/20160303/php_pdo_sqlite.dll' - /usr/lib/php/20160303/php_pdo_sqlite.dll: cannot open shared object file: No such file or directory in Unknown on line 0
[02-Jul-2017 22:57:37 America/Sao_Paulo] PHP Warning:  PHP Startup: Unable to load dynamic library '/usr/lib/php/20160303/php_pgsql.dll' - /usr/lib/php/20160303/php_pgsql.dll: cannot open shared object file: No such file or directory in Unknown on line 0
[02-Jul-2017 23:00:24 America/Sao_Paulo] PHP Warning:  PHP Startup: Unable to load dynamic library '/usr/lib/php/20160303/msql.so' - /usr/lib/php/20160303/msql.so: cannot open shared object file: No such file or directory in Unknown on line 0
[02-Jul-2017 23:00:24 America/Sao_Paulo] PHP Warning:  PHP Startup: Unable to load dynamic library '/usr/lib/php/20160303/php_mysqli.dll' - /usr/lib/php/20160303/php_mysqli.dll: cannot open shared object file: No such file or directory in Unknown on line 0
[02-Jul-2017 23:00:24 America/Sao_Paulo] PHP Warning:  PHP Startup: Unable to load dynamic library '/usr/lib/php/20160303/php_pdo_mysql.dll' - /usr/lib/php/20160303/php_pdo_mysql.dll: cannot open shared object file: No such file or directory in Unknown on line 0
[02-Jul-2017 23:00:24 America/Sao_Paulo] PHP Warning:  PHP Startup: Unable to load dynamic library '/usr/lib/php/20160303/php_pdo_pgsql.dll' - /usr/lib/php/20160303/php_pdo_pgsql.dll: cannot open shared object file: No such file or directory in Unknown on line 0
[02-Jul-2017 23:00:24 America/Sao_Paulo] PHP Warning:  PHP Startup: Unable to load dynamic library '/usr/lib/php/20160303/php_pdo_sqlite.dll' - /usr/lib/php/20160303/php_pdo_sqlite.dll: cannot open shared object file: No such file or directory in Unknown on line 0
[02-Jul-2017 23:00:24 America/Sao_Paulo] PHP Warning:  PHP Startup: Unable to load dynamic library '/usr/lib/php/20160303/php_pgsql.dll' - /usr/lib/php/20160303/php_pgsql.dll: cannot open shared object file: No such file or directory in Unknown on line 0
[02-Jul-2017 23:23:46 America/Sao_Paulo] PHP Warning:  PHP Startup: Unable to load dynamic library '/usr/lib/php/20160303/msql.so' - /usr/lib/php/20160303/msql.so: cannot open shared object file: No such file or directory in Unknown on line 0
[02-Jul-2017 23:23:46 America/Sao_Paulo] PHP Warning:  PHP Startup: Unable to load dynamic library '/usr/lib/php/20160303/php_mysqli.dll' - /usr/lib/php/20160303/php_mysqli.dll: cannot open shared object file: No such file or directory in Unknown on line 0
[02-Jul-2017 23:23:46 America/Sao_Paulo] PHP Warning:  PHP Startup: Unable to load dynamic library '/usr/lib/php/20160303/php_pdo_mysql.dll' - /usr/lib/php/20160303/php_pdo_mysql.dll: cannot open shared object file: No such file or directory in Unknown on line 0
[02-Jul-2017 23:23:46 America/Sao_Paulo] PHP Warning:  PHP Startup: Unable to load dynamic library '/usr/lib/php/20160303/php_pdo_pgsql.dll' - /usr/lib/php/20160303/php_pdo_pgsql.dll: cannot open shared object file: No such file or directory in Unknown on line 0
[02-Jul-2017 23:23:46 America/Sao_Paulo] PHP Warning:  PHP Startup: Unable to load dynamic library '/usr/lib/php/20160303/php_pdo_sqlite.dll' - /usr/lib/php/20160303/php_pdo_sqlite.dll: cannot open shared object file: No such file or directory in Unknown on line 0
[02-Jul-2017 23:23:46 America/Sao_Paulo] PHP Warning:  PHP Startup: Unable to load dynamic library '/usr/lib/php/20160303/php_pgsql.dll' - /usr/lib/php/20160303/php_pgsql.dll: cannot open shared object file: No such file or directory in Unknown on line 0
[02-Jul-2017 23:24:17 America/Sao_Paulo] PHP Warning:  PHP Startup: Unable to load dynamic library '/usr/lib/php/20160303/msql.so' - /usr/lib/php/20160303/msql.so: cannot open shared object file: No such file or directory in Unknown on line 0
[02-Jul-2017 23:24:17 America/Sao_Paulo] PHP Warning:  PHP Startup: Unable to load dynamic library '/usr/lib/php/20160303/php_mysqli.dll' - /usr/lib/php/20160303/php_mysqli.dll: cannot open shared object file: No such file or directory in Unknown on line 0
[02-Jul-2017 23:24:17 America/Sao_Paulo] PHP Warning:  PHP Startup: Unable to load dynamic library '/usr/lib/php/20160303/php_pdo_mysql.dll' - /usr/lib/php/20160303/php_pdo_mysql.dll: cannot open shared object file: No such file or directory in Unknown on line 0
[02-Jul-2017 23:24:17 America/Sao_Paulo] PHP Warning:  PHP Startup: Unable to load dynamic library '/usr/lib/php/20160303/php_pdo_pgsql.dll' - /usr/lib/php/20160303/php_pdo_pgsql.dll: cannot open shared object file: No such file or directory in Unknown on line 0
[02-Jul-2017 23:24:17 America/Sao_Paulo] PHP Warning:  PHP Startup: Unable to load dynamic library '/usr/lib/php/20160303/php_pdo_sqlite.dll' - /usr/lib/php/20160303/php_pdo_sqlite.dll: cannot open shared object file: No such file or directory in Unknown on line 0
[02-Jul-2017 23:24:17 America/Sao_Paulo] PHP Warning:  PHP Startup: Unable to load dynamic library '/usr/lib/php/20160303/php_pgsql.dll' - /usr/lib/php/20160303/php_pgsql.dll: cannot open shared object file: No such file or directory in Unknown on line 0
[02-Jul-2017 23:31:21 America/Sao_Paulo] PHP Warning:  PHP Startup: Unable to load dynamic library '/usr/lib/php/20160303/msql.so' - /usr/lib/php/20160303/msql.so: cannot open shared object file: No such file or directory in Unknown on line 0
[02-Jul-2017 23:31:21 America/Sao_Paulo] PHP Warning:  PHP Startup: Unable to load dynamic library '/usr/lib/php/20160303/php_mysqli.dll' - /usr/lib/php/20160303/php_mysqli.dll: cannot open shared object file: No such file or directory in Unknown on line 0
[02-Jul-2017 23:31:21 America/Sao_Paulo] PHP Warning:  PHP Startup: Unable to load dynamic library '/usr/lib/php/20160303/php_pdo_mysql.dll' - /usr/lib/php/20160303/php_pdo_mysql.dll: cannot open shared object file: No such file or directory in Unknown on line 0
[02-Jul-2017 23:31:21 America/Sao_Paulo] PHP Warning:  PHP Startup: Unable to load dynamic library '/usr/lib/php/20160303/php_pdo_pgsql.dll' - /usr/lib/php/20160303/php_pdo_pgsql.dll: cannot open shared object file: No such file or directory in Unknown on line 0
[02-Jul-2017 23:31:21 America/Sao_Paulo] PHP Warning:  PHP Startup: Unable to load dynamic library '/usr/lib/php/20160303/php_pdo_sqlite.dll' - /usr/lib/php/20160303/php_pdo_sqlite.dll: cannot open shared object file: No such file or directory in Unknown on line 0
[02-Jul-2017 23:31:21 America/Sao_Paulo] PHP Warning:  PHP Startup: Unable to load dynamic library '/usr/lib/php/20160303/php_pgsql.dll' - /usr/lib/php/20160303/php_pgsql.dll: cannot open shared object file: No such file or directory in Unknown on line 0
[02-Jul-2017 23:32:16 America/Sao_Paulo] PHP Warning:  PHP Startup: Unable to load dynamic library '/usr/lib/php/20160303/msql.so' - /usr/lib/php/20160303/msql.so: cannot open shared object file: No such file or directory in Unknown on line 0
[02-Jul-2017 23:32:16 America/Sao_Paulo] PHP Warning:  PHP Startup: Unable to load dynamic library '/usr/lib/php/20160303/php_mysqli.dll' - /usr/lib/php/20160303/php_mysqli.dll: cannot open shared object file: No such file or directory in Unknown on line 0
[02-Jul-2017 23:32:16 America/Sao_Paulo] PHP Warning:  PHP Startup: Unable to load dynamic library '/usr/lib/php/20160303/php_pdo_mysql.dll' - /usr/lib/php/20160303/php_pdo_mysql.dll: cannot open shared object file: No such file or directory in Unknown on line 0
[02-Jul-2017 23:32:16 America/Sao_Paulo] PHP Warning:  PHP Startup: Unable to load dynamic library '/usr/lib/php/20160303/php_pdo_pgsql.dll' - /usr/lib/php/20160303/php_pdo_pgsql.dll: cannot open shared object file: No such file or directory in Unknown on line 0
[02-Jul-2017 23:32:16 America/Sao_Paulo] PHP Warning:  PHP Startup: Unable to load dynamic library '/usr/lib/php/20160303/php_pdo_sqlite.dll' - /usr/lib/php/20160303/php_pdo_sqlite.dll: cannot open shared object file: No such file or directory in Unknown on line 0
[02-Jul-2017 23:32:16 America/Sao_Paulo] PHP Warning:  PHP Startup: Unable to load dynamic library '/usr/lib/php/20160303/php_pgsql.dll' - /usr/lib/php/20160303/php_pgsql.dll: cannot open shared object file: No such file or directory in Unknown on line 0
[02-Jul-2017 23:32:49 America/Sao_Paulo] PHP Warning:  PHP Startup: Unable to load dynamic library '/usr/lib/php/20160303/msql.so' - /usr/lib/php/20160303/msql.so: cannot open shared object file: No such file or directory in Unknown on line 0
[02-Jul-2017 23:32:49 America/Sao_Paulo] PHP Warning:  PHP Startup: Unable to load dynamic library '/usr/lib/php/20160303/php_mysqli.dll' - /usr/lib/php/20160303/php_mysqli.dll: cannot open shared object file: No such file or directory in Unknown on line 0
[02-Jul-2017 23:32:49 America/Sao_Paulo] PHP Warning:  PHP Startup: Unable to load dynamic library '/usr/lib/php/20160303/php_pdo_mysql.dll' - /usr/lib/php/20160303/php_pdo_mysql.dll: cannot open shared object file: No such file or directory in Unknown on line 0
[02-Jul-2017 23:32:49 America/Sao_Paulo] PHP Warning:  PHP Startup: Unable to load dynamic library '/usr/lib/php/20160303/php_pdo_pgsql.dll' - /usr/lib/php/20160303/php_pdo_pgsql.dll: cannot open shared object file: No such file or directory in Unknown on line 0
[02-Jul-2017 23:32:49 America/Sao_Paulo] PHP Warning:  PHP Startup: Unable to load dynamic library '/usr/lib/php/20160303/php_pdo_sqlite.dll' - /usr/lib/php/20160303/php_pdo_sqlite.dll: cannot open shared object file: No such file or directory in Unknown on line 0
[02-Jul-2017 23:32:49 America/Sao_Paulo] PHP Warning:  PHP Startup: Unable to load dynamic library '/usr/lib/php/20160303/php_pgsql.dll' - /usr/lib/php/20160303/php_pgsql.dll: cannot open shared object file: No such file or directory in Unknown on line 0
[02-Jul-2017 23:52:39 America/Sao_Paulo] PHP Warning:  PHP Startup: Unable to load dynamic library '/usr/lib/php/20160303/msql.so' - /usr/lib/php/20160303/msql.so: cannot open shared object file: No such file or directory in Unknown on line 0
[02-Jul-2017 23:52:39 America/Sao_Paulo] PHP Warning:  PHP Startup: Unable to load dynamic library '/usr/lib/php/20160303/php_mysqli.dll' - /usr/lib/php/20160303/php_mysqli.dll: cannot open shared object file: No such file or directory in Unknown on line 0
[02-Jul-2017 23:52:39 America/Sao_Paulo] PHP Warning:  PHP Startup: Unable to load dynamic library '/usr/lib/php/20160303/php_pdo_mysql.dll' - /usr/lib/php/20160303/php_pdo_mysql.dll: cannot open shared object file: No such file or directory in Unknown on line 0
[02-Jul-2017 23:52:39 America/Sao_Paulo] PHP Warning:  PHP Startup: Unable to load dynamic library '/usr/lib/php/20160303/php_pdo_pgsql.dll' - /usr/lib/php/20160303/php_pdo_pgsql.dll: cannot open shared object file: No such file or directory in Unknown on line 0
[02-Jul-2017 23:52:39 America/Sao_Paulo] PHP Warning:  PHP Startup: Unable to load dynamic library '/usr/lib/php/20160303/php_pdo_sqlite.dll' - /usr/lib/php/20160303/php_pdo_sqlite.dll: cannot open shared object file: No such file or directory in Unknown on line 0
[02-Jul-2017 23:52:39 America/Sao_Paulo] PHP Warning:  PHP Startup: Unable to load dynamic library '/usr/lib/php/20160303/php_pgsql.dll' - /usr/lib/php/20160303/php_pgsql.dll: cannot open shared object file: No such file or directory in Unknown on line 0
[02-Jul-2017 23:59:07 America/Sao_Paulo] PHP Warning:  PHP Startup: Unable to load dynamic library '/usr/lib/php/20160303/msql.so' - /usr/lib/php/20160303/msql.so: cannot open shared object file: No such file or directory in Unknown on line 0
[02-Jul-2017 23:59:07 America/Sao_Paulo] PHP Warning:  PHP Startup: Unable to load dynamic library '/usr/lib/php/20160303/php_mysqli.dll' - /usr/lib/php/20160303/php_mysqli.dll: cannot open shared object file: No such file or directory in Unknown on line 0
[02-Jul-2017 23:59:07 America/Sao_Paulo] PHP Warning:  PHP Startup: Unable to load dynamic library '/usr/lib/php/20160303/php_pdo_mysql.dll' - /usr/lib/php/20160303/php_pdo_mysql.dll: cannot open shared object file: No such file or directory in Unknown on line 0
[02-Jul-2017 23:59:07 America/Sao_Paulo] PHP Warning:  PHP Startup: Unable to load dynamic library '/usr/lib/php/20160303/php_pdo_pgsql.dll' - /usr/lib/php/20160303/php_pdo_pgsql.dll: cannot open shared object file: No such file or directory in Unknown on line 0
[02-Jul-2017 23:59:07 America/Sao_Paulo] PHP Warning:  PHP Startup: Unable to load dynamic library '/usr/lib/php/20160303/php_pdo_sqlite.dll' - /usr/lib/php/20160303/php_pdo_sqlite.dll: cannot open shared object file: No such file or directory in Unknown on line 0
[02-Jul-2017 23:59:07 America/Sao_Paulo] PHP Warning:  PHP Startup: Unable to load dynamic library '/usr/lib/php/20160303/php_pgsql.dll' - /usr/lib/php/20160303/php_pgsql.dll: cannot open shared object file: No such file or directory in Unknown on line 0
[02-Jul-2017 23:59:07 America/Sao_Paulo] PHP Parse error:  syntax error, unexpected '->' (T_OBJECT_OPERATOR) in /home/marcio/Área de trabalho/php-financas/db/seeds/CategoryCostsSeeder.php on line 9
[03-Jul-2017 00:00:48 America/Sao_Paulo] PHP Warning:  PHP Startup: Unable to load dynamic library '/usr/lib/php/20160303/msql.so' - /usr/lib/php/20160303/msql.so: cannot open shared object file: No such file or directory in Unknown on line 0
[03-Jul-2017 00:00:48 America/Sao_Paulo] PHP Warning:  PHP Startup: Unable to load dynamic library '/usr/lib/php/20160303/php_mysqli.dll' - /usr/lib/php/20160303/php_mysqli.dll: cannot open shared object file: No such file or directory in Unknown on line 0
[03-Jul-2017 00:00:48 America/Sao_Paulo] PHP Warning:  PHP Startup: Unable to load dynamic library '/usr/lib/php/20160303/php_pdo_mysql.dll' - /usr/lib/php/20160303/php_pdo_mysql.dll: cannot open shared object file: No such file or directory in Unknown on line 0
[03-Jul-2017 00:00:48 America/Sao_Paulo] PHP Warning:  PHP Startup: Unable to load dynamic library '/usr/lib/php/20160303/php_pdo_pgsql.dll' - /usr/lib/php/20160303/php_pdo_pgsql.dll: cannot open shared object file: No such file or directory in Unknown on line 0
[03-Jul-2017 00:00:48 America/Sao_Paulo] PHP Warning:  PHP Startup: Unable to load dynamic library '/usr/lib/php/20160303/php_pdo_sqlite.dll' - /usr/lib/php/20160303/php_pdo_sqlite.dll: cannot open shared object file: No such file or directory in Unknown on line 0
[03-Jul-2017 00:00:48 America/Sao_Paulo] PHP Warning:  PHP Startup: Unable to load dynamic library '/usr/lib/php/20160303/php_pgsql.dll' - /usr/lib/php/20160303/php_pgsql.dll: cannot open shared object file: No such file or directory in Unknown on line 0
[03-Jul-2017 00:17:55 America/Sao_Paulo] PHP Warning:  PHP Startup: Unable to load dynamic library '/usr/lib/php/20160303/msql.so' - /usr/lib/php/20160303/msql.so: cannot open shared object file: No such file or directory in Unknown on line 0
[03-Jul-2017 00:17:55 America/Sao_Paulo] PHP Warning:  PHP Startup: Unable to load dynamic library '/usr/lib/php/20160303/php_mysqli.dll' - /usr/lib/php/20160303/php_mysqli.dll: cannot open shared object file: No such file or directory in Unknown on line 0
[03-Jul-2017 00:17:55 America/Sao_Paulo] PHP Warning:  PHP Startup: Unable to load dynamic library '/usr/lib/php/20160303/php_pdo_mysql.dll' - /usr/lib/php/20160303/php_pdo_mysql.dll: cannot open shared object file: No such file or directory in Unknown on line 0
[03-Jul-2017 00:17:55 America/Sao_Paulo] PHP Warning:  PHP Startup: Unable to load dynamic library '/usr/lib/php/20160303/php_pdo_pgsql.dll' - /usr/lib/php/20160303/php_pdo_pgsql.dll: cannot open shared object file: No such file or directory in Unknown on line 0
[03-Jul-2017 00:17:55 America/Sao_Paulo] PHP Warning:  PHP Startup: Unable to load dynamic library '/usr/lib/php/20160303/php_pdo_sqlite.dll' - /usr/lib/php/20160303/php_pdo_sqlite.dll: cannot open shared object file: No such file or directory in Unknown on line 0
[03-Jul-2017 00:17:55 America/Sao_Paulo] PHP Warning:  PHP Startup: Unable to load dynamic library '/usr/lib/php/20160303/php_pgsql.dll' - /usr/lib/php/20160303/php_pgsql.dll: cannot open shared object file: No such file or directory in Unknown on line 0
[03-Jul-2017 00:23:11 America/Sao_Paulo] PHP Warning:  PHP Startup: Unable to load dynamic library '/usr/lib/php/20160303/msql.so' - /usr/lib/php/20160303/msql.so: cannot open shared object file: No such file or directory in Unknown on line 0
[03-Jul-2017 00:23:12 America/Sao_Paulo] PHP Warning:  PHP Startup: Unable to load dynamic library '/usr/lib/php/20160303/php_mysqli.dll' - /usr/lib/php/20160303/php_mysqli.dll: cannot open shared object file: No such file or directory in Unknown on line 0
[03-Jul-2017 00:23:12 America/Sao_Paulo] PHP Warning:  PHP Startup: Unable to load dynamic library '/usr/lib/php/20160303/php_pdo_mysql.dll' - /usr/lib/php/20160303/php_pdo_mysql.dll: cannot open shared object file: No such file or directory in Unknown on line 0
[03-Jul-2017 00:23:12 America/Sao_Paulo] PHP Warning:  PHP Startup: Unable to load dynamic library '/usr/lib/php/20160303/php_pdo_pgsql.dll' - /usr/lib/php/20160303/php_pdo_pgsql.dll: cannot open shared object file: No such file or directory in Unknown on line 0
[03-Jul-2017 00:23:12 America/Sao_Paulo] PHP Warning:  PHP Startup: Unable to load dynamic library '/usr/lib/php/20160303/php_pdo_sqlite.dll' - /usr/lib/php/20160303/php_pdo_sqlite.dll: cannot open shared object file: No such file or directory in Unknown on line 0
[03-Jul-2017 00:23:12 America/Sao_Paulo] PHP Warning:  PHP Startup: Unable to load dynamic library '/usr/lib/php/20160303/php_pgsql.dll' - /usr/lib/php/20160303/php_pgsql.dll: cannot open shared object file: No such file or directory in Unknown on line 0
[03-Jul-2017 00:23:12 America/Sao_Paulo] PHP Parse error:  syntax error, unexpected '}' in /home/marcio/Área de trabalho/php-financas/db/seeds/CategoryCostsSeeder.php on line 18
[03-Jul-2017 00:23:45 America/Sao_Paulo] PHP Warning:  PHP Startup: Unable to load dynamic library '/usr/lib/php/20160303/msql.so' - /usr/lib/php/20160303/msql.so: cannot open shared object file: No such file or directory in Unknown on line 0
[03-Jul-2017 00:23:45 America/Sao_Paulo] PHP Warning:  PHP Startup: Unable to load dynamic library '/usr/lib/php/20160303/php_mysqli.dll' - /usr/lib/php/20160303/php_mysqli.dll: cannot open shared object file: No such file or directory in Unknown on line 0
[03-Jul-2017 00:23:45 America/Sao_Paulo] PHP Warning:  PHP Startup: Unable to load dynamic library '/usr/lib/php/20160303/php_pdo_mysql.dll' - /usr/lib/php/20160303/php_pdo_mysql.dll: cannot open shared object file: No such file or directory in Unknown on line 0
[03-Jul-2017 00:23:45 America/Sao_Paulo] PHP Warning:  PHP Startup: Unable to load dynamic library '/usr/lib/php/20160303/php_pdo_pgsql.dll' - /usr/lib/php/20160303/php_pdo_pgsql.dll: cannot open shared object file: No such file or directory in Unknown on line 0
[03-Jul-2017 00:23:45 America/Sao_Paulo] PHP Warning:  PHP Startup: Unable to load dynamic library '/usr/lib/php/20160303/php_pdo_sqlite.dll' - /usr/lib/php/20160303/php_pdo_sqlite.dll: cannot open shared object file: No such file or directory in Unknown on line 0
[03-Jul-2017 00:23:45 America/Sao_Paulo] PHP Warning:  PHP Startup: Unable to load dynamic library '/usr/lib/php/20160303/php_pgsql.dll' - /usr/lib/php/20160303/php_pgsql.dll: cannot open shared object file: No such file or directory in Unknown on line 0
[03-Jul-2017 00:23:45 America/Sao_Paulo] PHP Parse error:  syntax error, unexpected '}' in /home/marcio/Área de trabalho/php-financas/db/seeds/CategoryCostsSeeder.php on line 18
[03-Jul-2017 00:24:24 America/Sao_Paulo] PHP Warning:  PHP Startup: Unable to load dynamic library '/usr/lib/php/20160303/msql.so' - /usr/lib/php/20160303/msql.so: cannot open shared object file: No such file or directory in Unknown on line 0
[03-Jul-2017 00:24:24 America/Sao_Paulo] PHP Warning:  PHP Startup: Unable to load dynamic library '/usr/lib/php/20160303/php_mysqli.dll' - /usr/lib/php/20160303/php_mysqli.dll: cannot open shared object file: No such file or directory in Unknown on line 0
[03-Jul-2017 00:24:24 America/Sao_Paulo] PHP Warning:  PHP Startup: Unable to load dynamic library '/usr/lib/php/20160303/php_pdo_mysql.dll' - /usr/lib/php/20160303/php_pdo_mysql.dll: cannot open shared object file: No such file or directory in Unknown on line 0
[03-Jul-2017 00:24:24 America/Sao_Paulo] PHP Warning:  PHP Startup: Unable to load dynamic library '/usr/lib/php/20160303/php_pdo_pgsql.dll' - /usr/lib/php/20160303/php_pdo_pgsql.dll: cannot open shared object file: No such file or directory in Unknown on line 0
[03-Jul-2017 00:24:24 America/Sao_Paulo] PHP Warning:  PHP Startup: Unable to load dynamic library '/usr/lib/php/20160303/php_pdo_sqlite.dll' - /usr/lib/php/20160303/php_pdo_sqlite.dll: cannot open shared object file: No such file or directory in Unknown on line 0
[03-Jul-2017 00:24:24 America/Sao_Paulo] PHP Warning:  PHP Startup: Unable to load dynamic library '/usr/lib/php/20160303/php_pgsql.dll' - /usr/lib/php/20160303/php_pgsql.dll: cannot open shared object file: No such file or directory in Unknown on line 0
[03-Jul-2017 00:35:06 America/Sao_Paulo] PHP Warning:  PHP Startup: Unable to load dynamic library '/usr/lib/php/20160303/msql.so' - /usr/lib/php/20160303/msql.so: cannot open shared object file: No such file or directory in Unknown on line 0
[03-Jul-2017 00:35:06 America/Sao_Paulo] PHP Warning:  PHP Startup: Unable to load dynamic library '/usr/lib/php/20160303/php_mysqli.dll' - /usr/lib/php/20160303/php_mysqli.dll: cannot open shared object file: No such file or directory in Unknown on line 0
[03-Jul-2017 00:35:06 America/Sao_Paulo] PHP Warning:  PHP Startup: Unable to load dynamic library '/usr/lib/php/20160303/php_pdo_mysql.dll' - /usr/lib/php/20160303/php_pdo_mysql.dll: cannot open shared object file: No such file or directory in Unknown on line 0
[03-Jul-2017 00:35:06 America/Sao_Paulo] PHP Warning:  PHP Startup: Unable to load dynamic library '/usr/lib/php/20160303/php_pdo_pgsql.dll' - /usr/lib/php/20160303/php_pdo_pgsql.dll: cannot open shared object file: No such file or directory in Unknown on line 0
[03-Jul-2017 00:35:06 America/Sao_Paulo] PHP Warning:  PHP Startup: Unable to load dynamic library '/usr/lib/php/20160303/php_pdo_sqlite.dll' - /usr/lib/php/20160303/php_pdo_sqlite.dll: cannot open shared object file: No such file or directory in Unknown on line 0
[03-Jul-2017 00:35:06 America/Sao_Paulo] PHP Warning:  PHP Startup: Unable to load dynamic library '/usr/lib/php/20160303/php_pgsql.dll' - /usr/lib/php/20160303/php_pgsql.dll: cannot open shared object file: No such file or directory in Unknown on line 0
[03-Jul-2017 00:36:21 America/Sao_Paulo] PHP Warning:  PHP Startup: Unable to load dynamic library '/usr/lib/php/20160303/msql.so' - /usr/lib/php/20160303/msql.so: cannot open shared object file: No such file or directory in Unknown on line 0
[03-Jul-2017 00:36:21 America/Sao_Paulo] PHP Warning:  PHP Startup: Unable to load dynamic library '/usr/lib/php/20160303/php_mysqli.dll' - /usr/lib/php/20160303/php_mysqli.dll: cannot open shared object file: No such file or directory in Unknown on line 0
[03-Jul-2017 00:36:21 America/Sao_Paulo] PHP Warning:  PHP Startup: Unable to load dynamic library '/usr/lib/php/20160303/php_pdo_mysql.dll' - /usr/lib/php/20160303/php_pdo_mysql.dll: cannot open shared object file: No such file or directory in Unknown on line 0
[03-Jul-2017 00:36:21 America/Sao_Paulo] PHP Warning:  PHP Startup: Unable to load dynamic library '/usr/lib/php/20160303/php_pdo_pgsql.dll' - /usr/lib/php/20160303/php_pdo_pgsql.dll: cannot open shared object file: No such file or directory in Unknown on line 0
[03-Jul-2017 00:36:21 America/Sao_Paulo] PHP Warning:  PHP Startup: Unable to load dynamic library '/usr/lib/php/20160303/php_pdo_sqlite.dll' - /usr/lib/php/20160303/php_pdo_sqlite.dll: cannot open shared object file: No such file or directory in Unknown on line 0
[03-Jul-2017 00:36:21 America/Sao_Paulo] PHP Warning:  PHP Startup: Unable to load dynamic library '/usr/lib/php/20160303/php_pgsql.dll' - /usr/lib/php/20160303/php_pgsql.dll: cannot open shared object file: No such file or directory in Unknown on line 0
[03-Jul-2017 00:37:04 America/Sao_Paulo] PHP Warning:  PHP Startup: Unable to load dynamic library '/usr/lib/php/20160303/msql.so' - /usr/lib/php/20160303/msql.so: cannot open shared object file: No such file or directory in Unknown on line 0
[03-Jul-2017 00:37:04 America/Sao_Paulo] PHP Warning:  PHP Startup: Unable to load dynamic library '/usr/lib/php/20160303/php_mysqli.dll' - /usr/lib/php/20160303/php_mysqli.dll: cannot open shared object file: No such file or directory in Unknown on line 0
[03-Jul-2017 00:37:04 America/Sao_Paulo] PHP Warning:  PHP Startup: Unable to load dynamic library '/usr/lib/php/20160303/php_pdo_mysql.dll' - /usr/lib/php/20160303/php_pdo_mysql.dll: cannot open shared object file: No such file or directory in Unknown on line 0
[03-Jul-2017 00:37:04 America/Sao_Paulo] PHP Warning:  PHP Startup: Unable to load dynamic library '/usr/lib/php/20160303/php_pdo_pgsql.dll' - /usr/lib/php/20160303/php_pdo_pgsql.dll: cannot open shared object file: No such file or directory in Unknown on line 0
[03-Jul-2017 00:37:04 America/Sao_Paulo] PHP Warning:  PHP Startup: Unable to load dynamic library '/usr/lib/php/20160303/php_pdo_sqlite.dll' - /usr/lib/php/20160303/php_pdo_sqlite.dll: cannot open shared object file: No such file or directory in Unknown on line 0
[03-Jul-2017 00:37:04 America/Sao_Paulo] PHP Warning:  PHP Startup: Unable to load dynamic library '/usr/lib/php/20160303/php_pgsql.dll' - /usr/lib/php/20160303/php_pgsql.dll: cannot open shared object file: No such file or directory in Unknown on line 0
[03-Jul-2017 00:37:31 America/Sao_Paulo] PHP Warning:  PHP Startup: Unable to load dynamic library '/usr/lib/php/20160303/msql.so' - /usr/lib/php/20160303/msql.so: cannot open shared object file: No such file or directory in Unknown on line 0
[03-Jul-2017 00:37:31 America/Sao_Paulo] PHP Warning:  PHP Startup: Unable to load dynamic library '/usr/lib/php/20160303/php_mysqli.dll' - /usr/lib/php/20160303/php_mysqli.dll: cannot open shared object file: No such file or directory in Unknown on line 0
[03-Jul-2017 00:37:31 America/Sao_Paulo] PHP Warning:  PHP Startup: Unable to load dynamic library '/usr/lib/php/20160303/php_pdo_mysql.dll' - /usr/lib/php/20160303/php_pdo_mysql.dll: cannot open shared object file: No such file or directory in Unknown on line 0
[03-Jul-2017 00:37:31 America/Sao_Paulo] PHP Warning:  PHP Startup: Unable to load dynamic library '/usr/lib/php/20160303/php_pdo_pgsql.dll' - /usr/lib/php/20160303/php_pdo_pgsql.dll: cannot open shared object file: No such file or directory in Unknown on line 0
[03-Jul-2017 00:37:31 America/Sao_Paulo] PHP Warning:  PHP Startup: Unable to load dynamic library '/usr/lib/php/20160303/php_pdo_sqlite.dll' - /usr/lib/php/20160303/php_pdo_sqlite.dll: cannot open shared object file: No such file or directory in Unknown on line 0
[03-Jul-2017 00:37:31 America/Sao_Paulo] PHP Warning:  PHP Startup: Unable to load dynamic library '/usr/lib/php/20160303/php_pgsql.dll' - /usr/lib/php/20160303/php_pgsql.dll: cannot open shared object file: No such file or directory in Unknown on line 0
[03-Jul-2017 00:38:16 America/Sao_Paulo] PHP Warning:  PHP Startup: Unable to load dynamic library '/usr/lib/php/20160303/msql.so' - /usr/lib/php/20160303/msql.so: cannot open shared object file: No such file or directory in Unknown on line 0
[03-Jul-2017 00:38:16 America/Sao_Paulo] PHP Warning:  PHP Startup: Unable to load dynamic library '/usr/lib/php/20160303/php_mysqli.dll' - /usr/lib/php/20160303/php_mysqli.dll: cannot open shared object file: No such file or directory in Unknown on line 0
[03-Jul-2017 00:38:16 America/Sao_Paulo] PHP Warning:  PHP Startup: Unable to load dynamic library '/usr/lib/php/20160303/php_pdo_mysql.dll' - /usr/lib/php/20160303/php_pdo_mysql.dll: cannot open shared object file: No such file or directory in Unknown on line 0
[03-Jul-2017 00:38:16 America/Sao_Paulo] PHP Warning:  PHP Startup: Unable to load dynamic library '/usr/lib/php/20160303/php_pdo_pgsql.dll' - /usr/lib/php/20160303/php_pdo_pgsql.dll: cannot open shared object file: No such file or directory in Unknown on line 0
[03-Jul-2017 00:38:16 America/Sao_Paulo] PHP Warning:  PHP Startup: Unable to load dynamic library '/usr/lib/php/20160303/php_pdo_sqlite.dll' - /usr/lib/php/20160303/php_pdo_sqlite.dll: cannot open shared object file: No such file or directory in Unknown on line 0
[03-Jul-2017 00:38:16 America/Sao_Paulo] PHP Warning:  PHP Startup: Unable to load dynamic library '/usr/lib/php/20160303/php_pgsql.dll' - /usr/lib/php/20160303/php_pgsql.dll: cannot open shared object file: No such file or directory in Unknown on line 0
[03-Jul-2017 00:38:17 America/Sao_Paulo] PHP Parse error:  syntax error, unexpected '/' in /home/marcio/Área de trabalho/php-financas/migrate.seed.php on line 2
[03-Jul-2017 00:39:28 America/Sao_Paulo] PHP Warning:  PHP Startup: Unable to load dynamic library '/usr/lib/php/20160303/msql.so' - /usr/lib/php/20160303/msql.so: cannot open shared object file: No such file or directory in Unknown on line 0
[03-Jul-2017 00:39:28 America/Sao_Paulo] PHP Warning:  PHP Startup: Unable to load dynamic library '/usr/lib/php/20160303/php_mysqli.dll' - /usr/lib/php/20160303/php_mysqli.dll: cannot open shared object file: No such file or directory in Unknown on line 0
[03-Jul-2017 00:39:28 America/Sao_Paulo] PHP Warning:  PHP Startup: Unable to load dynamic library '/usr/lib/php/20160303/php_pdo_mysql.dll' - /usr/lib/php/20160303/php_pdo_mysql.dll: cannot open shared object file: No such file or directory in Unknown on line 0
[03-Jul-2017 00:39:28 America/Sao_Paulo] PHP Warning:  PHP Startup: Unable to load dynamic library '/usr/lib/php/20160303/php_pdo_pgsql.dll' - /usr/lib/php/20160303/php_pdo_pgsql.dll: cannot open shared object file: No such file or directory in Unknown on line 0
[03-Jul-2017 00:39:28 America/Sao_Paulo] PHP Warning:  PHP Startup: Unable to load dynamic library '/usr/lib/php/20160303/php_pdo_sqlite.dll' - /usr/lib/php/20160303/php_pdo_sqlite.dll: cannot open shared object file: No such file or directory in Unknown on line 0
[03-Jul-2017 00:39:28 America/Sao_Paulo] PHP Warning:  PHP Startup: Unable to load dynamic library '/usr/lib/php/20160303/php_pgsql.dll' - /usr/lib/php/20160303/php_pgsql.dll: cannot open shared object file: No such file or directory in Unknown on line 0
[03-Jul-2017 00:39:28 America/Sao_Paulo] PHP Parse error:  syntax error, unexpected '=', expecting ',' or ')' in /home/marcio/Área de trabalho/php-financas/migrate.seed.php on line 2
[03-Jul-2017 00:39:59 America/Sao_Paulo] PHP Warning:  PHP Startup: Unable to load dynamic library '/usr/lib/php/20160303/msql.so' - /usr/lib/php/20160303/msql.so: cannot open shared object file: No such file or directory in Unknown on line 0
[03-Jul-2017 00:39:59 America/Sao_Paulo] PHP Warning:  PHP Startup: Unable to load dynamic library '/usr/lib/php/20160303/php_mysqli.dll' - /usr/lib/php/20160303/php_mysqli.dll: cannot open shared object file: No such file or directory in Unknown on line 0
[03-Jul-2017 00:39:59 America/Sao_Paulo] PHP Warning:  PHP Startup: Unable to load dynamic library '/usr/lib/php/20160303/php_pdo_mysql.dll' - /usr/lib/php/20160303/php_pdo_mysql.dll: cannot open shared object file: No such file or directory in Unknown on line 0
[03-Jul-2017 00:39:59 America/Sao_Paulo] PHP Warning:  PHP Startup: Unable to load dynamic library '/usr/lib/php/20160303/php_pdo_pgsql.dll' - /usr/lib/php/20160303/php_pdo_pgsql.dll: cannot open shared object file: No such file or directory in Unknown on line 0
[03-Jul-2017 00:39:59 America/Sao_Paulo] PHP Warning:  PHP Startup: Unable to load dynamic library '/usr/lib/php/20160303/php_pdo_sqlite.dll' - /usr/lib/php/20160303/php_pdo_sqlite.dll: cannot open shared object file: No such file or directory in Unknown on line 0
[03-Jul-2017 00:39:59 America/Sao_Paulo] PHP Warning:  PHP Startup: Unable to load dynamic library '/usr/lib/php/20160303/php_pgsql.dll' - /usr/lib/php/20160303/php_pgsql.dll: cannot open shared object file: No such file or directory in Unknown on line 0
[03-Jul-2017 00:39:59 America/Sao_Paulo] PHP Parse error:  syntax error, unexpected '=', expecting ',' or ')' in /home/marcio/Área de trabalho/php-financas/migrate.seed.php on line 2
[03-Jul-2017 00:40:28 America/Sao_Paulo] PHP Warning:  PHP Startup: Unable to load dynamic library '/usr/lib/php/20160303/msql.so' - /usr/lib/php/20160303/msql.so: cannot open shared object file: No such file or directory in Unknown on line 0
[03-Jul-2017 00:40:28 America/Sao_Paulo] PHP Warning:  PHP Startup: Unable to load dynamic library '/usr/lib/php/20160303/php_mysqli.dll' - /usr/lib/php/20160303/php_mysqli.dll: cannot open shared object file: No such file or directory in Unknown on line 0
[03-Jul-2017 00:40:28 America/Sao_Paulo] PHP Warning:  PHP Startup: Unable to load dynamic library '/usr/lib/php/20160303/php_pdo_mysql.dll' - /usr/lib/php/20160303/php_pdo_mysql.dll: cannot open shared object file: No such file or directory in Unknown on line 0
[03-Jul-2017 00:40:28 America/Sao_Paulo] PHP Warning:  PHP Startup: Unable to load dynamic library '/usr/lib/php/20160303/php_pdo_pgsql.dll' - /usr/lib/php/20160303/php_pdo_pgsql.dll: cannot open shared object file: No such file or directory in Unknown on line 0
[03-Jul-2017 00:40:28 America/Sao_Paulo] PHP Warning:  PHP Startup: Unable to load dynamic library '/usr/lib/php/20160303/php_pdo_sqlite.dll' - /usr/lib/php/20160303/php_pdo_sqlite.dll: cannot open shared object file: No such file or directory in Unknown on line 0
[03-Jul-2017 00:40:28 America/Sao_Paulo] PHP Warning:  PHP Startup: Unable to load dynamic library '/usr/lib/php/20160303/php_pgsql.dll' - /usr/lib/php/20160303/php_pgsql.dll: cannot open shared object file: No such file or directory in Unknown on line 0
[03-Jul-2017 00:42:04 America/Sao_Paulo] PHP Warning:  PHP Startup: Unable to load dynamic library '/usr/lib/php/20160303/msql.so' - /usr/lib/php/20160303/msql.so: cannot open shared object file: No such file or directory in Unknown on line 0
[03-Jul-2017 00:42:04 America/Sao_Paulo] PHP Warning:  PHP Startup: Unable to load dynamic library '/usr/lib/php/20160303/php_mysqli.dll' - /usr/lib/php/20160303/php_mysqli.dll: cannot open shared object file: No such file or directory in Unknown on line 0
[03-Jul-2017 00:42:04 America/Sao_Paulo] PHP Warning:  PHP Startup: Unable to load dynamic library '/usr/lib/php/20160303/php_pdo_mysql.dll' - /usr/lib/php/20160303/php_pdo_mysql.dll: cannot open shared object file: No such file or directory in Unknown on line 0
[03-Jul-2017 00:42:04 America/Sao_Paulo] PHP Warning:  PHP Startup: Unable to load dynamic library '/usr/lib/php/20160303/php_pdo_pgsql.dll' - /usr/lib/php/20160303/php_pdo_pgsql.dll: cannot open shared object file: No such file or directory in Unknown on line 0
[03-Jul-2017 00:42:04 America/Sao_Paulo] PHP Warning:  PHP Startup: Unable to load dynamic library '/usr/lib/php/20160303/php_pdo_sqlite.dll' - /usr/lib/php/20160303/php_pdo_sqlite.dll: cannot open shared object file: No such file or directory in Unknown on line 0
[03-Jul-2017 00:42:04 America/Sao_Paulo] PHP Warning:  PHP Startup: Unable to load dynamic library '/usr/lib/php/20160303/php_pgsql.dll' - /usr/lib/php/20160303/php_pgsql.dll: cannot open shared object file: No such file or directory in Unknown on line 0
[03-Jul-2017 00:42:38 America/Sao_Paulo] PHP Warning:  PHP Startup: Unable to load dynamic library '/usr/lib/php/20160303/msql.so' - /usr/lib/php/20160303/msql.so: cannot open shared object file: No such file or directory in Unknown on line 0
[03-Jul-2017 00:42:38 America/Sao_Paulo] PHP Warning:  PHP Startup: Unable to load dynamic library '/usr/lib/php/20160303/php_mysqli.dll' - /usr/lib/php/20160303/php_mysqli.dll: cannot open shared object file: No such file or directory in Unknown on line 0
[03-Jul-2017 00:42:38 America/Sao_Paulo] PHP Warning:  PHP Startup: Unable to load dynamic library '/usr/lib/php/20160303/php_pdo_mysql.dll' - /usr/lib/php/20160303/php_pdo_mysql.dll: cannot open shared object file: No such file or directory in Unknown on line 0
[03-Jul-2017 00:42:38 America/Sao_Paulo] PHP Warning:  PHP Startup: Unable to load dynamic library '/usr/lib/php/20160303/php_pdo_pgsql.dll' - /usr/lib/php/20160303/php_pdo_pgsql.dll: cannot open shared object file: No such file or directory in Unknown on line 0
[03-Jul-2017 00:42:38 America/Sao_Paulo] PHP Warning:  PHP Startup: Unable to load dynamic library '/usr/lib/php/20160303/php_pdo_sqlite.dll' - /usr/lib/php/20160303/php_pdo_sqlite.dll: cannot open shared object file: No such file or directory in Unknown on line 0
[03-Jul-2017 00:42:38 America/Sao_Paulo] PHP Warning:  PHP Startup: Unable to load dynamic library '/usr/lib/php/20160303/php_pgsql.dll' - /usr/lib/php/20160303/php_pgsql.dll: cannot open shared object file: No such file or directory in Unknown on line 0
[03-Jul-2017 00:42:38 America/Sao_Paulo] PHP Warning:  PHP Startup: Unable to load dynamic library '/usr/lib/php/20160303/msql.so' - /usr/lib/php/20160303/msql.so: cannot open shared object file: No such file or directory in Unknown on line 0
[03-Jul-2017 00:42:38 America/Sao_Paulo] PHP Warning:  PHP Startup: Unable to load dynamic library '/usr/lib/php/20160303/php_mysqli.dll' - /usr/lib/php/20160303/php_mysqli.dll: cannot open shared object file: No such file or directory in Unknown on line 0
[03-Jul-2017 00:42:38 America/Sao_Paulo] PHP Warning:  PHP Startup: Unable to load dynamic library '/usr/lib/php/20160303/php_pdo_mysql.dll' - /usr/lib/php/20160303/php_pdo_mysql.dll: cannot open shared object file: No such file or directory in Unknown on line 0
[03-Jul-2017 00:42:38 America/Sao_Paulo] PHP Warning:  PHP Startup: Unable to load dynamic library '/usr/lib/php/20160303/php_pdo_pgsql.dll' - /usr/lib/php/20160303/php_pdo_pgsql.dll: cannot open shared object file: No such file or directory in Unknown on line 0
[03-Jul-2017 00:42:38 America/Sao_Paulo] PHP Warning:  PHP Startup: Unable to load dynamic library '/usr/lib/php/20160303/php_pdo_sqlite.dll' - /usr/lib/php/20160303/php_pdo_sqlite.dll: cannot open shared object file: No such file or directory in Unknown on line 0
[03-Jul-2017 00:42:38 America/Sao_Paulo] PHP Warning:  PHP Startup: Unable to load dynamic library '/usr/lib/php/20160303/php_pgsql.dll' - /usr/lib/php/20160303/php_pgsql.dll: cannot open shared object file: No such file or directory in Unknown on line 0
[03-Jul-2017 00:44:02 America/Sao_Paulo] PHP Warning:  PHP Startup: Unable to load dynamic library '/usr/lib/php/20160303/msql.so' - /usr/lib/php/20160303/msql.so: cannot open shared object file: No such file or directory in Unknown on line 0
[03-Jul-2017 00:44:02 America/Sao_Paulo] PHP Warning:  PHP Startup: Unable to load dynamic library '/usr/lib/php/20160303/php_mysqli.dll' - /usr/lib/php/20160303/php_mysqli.dll: cannot open shared object file: No such file or directory in Unknown on line 0
[03-Jul-2017 00:44:02 America/Sao_Paulo] PHP Warning:  PHP Startup: Unable to load dynamic library '/usr/lib/php/20160303/php_pdo_mysql.dll' - /usr/lib/php/20160303/php_pdo_mysql.dll: cannot open shared object file: No such file or directory in Unknown on line 0
[03-Jul-2017 00:44:02 America/Sao_Paulo] PHP Warning:  PHP Startup: Unable to load dynamic library '/usr/lib/php/20160303/php_pdo_pgsql.dll' - /usr/lib/php/20160303/php_pdo_pgsql.dll: cannot open shared object file: No such file or directory in Unknown on line 0
[03-Jul-2017 00:44:02 America/Sao_Paulo] PHP Warning:  PHP Startup: Unable to load dynamic library '/usr/lib/php/20160303/php_pdo_sqlite.dll' - /usr/lib/php/20160303/php_pdo_sqlite.dll: cannot open shared object file: No such file or directory in Unknown on line 0
[03-Jul-2017 00:44:02 America/Sao_Paulo] PHP Warning:  PHP Startup: Unable to load dynamic library '/usr/lib/php/20160303/php_pgsql.dll' - /usr/lib/php/20160303/php_pgsql.dll: cannot open shared object file: No such file or directory in Unknown on line 0
[03-Jul-2017 00:44:02 America/Sao_Paulo] PHP Warning:  PHP Startup: Unable to load dynamic library '/usr/lib/php/20160303/msql.so' - /usr/lib/php/20160303/msql.so: cannot open shared object file: No such file or directory in Unknown on line 0
[03-Jul-2017 00:44:02 America/Sao_Paulo] PHP Warning:  PHP Startup: Unable to load dynamic library '/usr/lib/php/20160303/php_mysqli.dll' - /usr/lib/php/20160303/php_mysqli.dll: cannot open shared object file: No such file or directory in Unknown on line 0
[03-Jul-2017 00:44:02 America/Sao_Paulo] PHP Warning:  PHP Startup: Unable to load dynamic library '/usr/lib/php/20160303/php_pdo_mysql.dll' - /usr/lib/php/20160303/php_pdo_mysql.dll: cannot open shared object file: No such file or directory in Unknown on line 0
[03-Jul-2017 00:44:02 America/Sao_Paulo] PHP Warning:  PHP Startup: Unable to load dynamic library '/usr/lib/php/20160303/php_pdo_pgsql.dll' - /usr/lib/php/20160303/php_pdo_pgsql.dll: cannot open shared object file: No such file or directory in Unknown on line 0
[03-Jul-2017 00:44:02 America/Sao_Paulo] PHP Warning:  PHP Startup: Unable to load dynamic library '/usr/lib/php/20160303/php_pdo_sqlite.dll' - /usr/lib/php/20160303/php_pdo_sqlite.dll: cannot open shared object file: No such file or directory in Unknown on line 0
[03-Jul-2017 00:44:02 America/Sao_Paulo] PHP Warning:  PHP Startup: Unable to load dynamic library '/usr/lib/php/20160303/php_pgsql.dll' - /usr/lib/php/20160303/php_pgsql.dll: cannot open shared object file: No such file or directory in Unknown on line 0
[03-Jul-2017 00:44:02 America/Sao_Paulo] PHP Warning:  PHP Startup: Unable to load dynamic library '/usr/lib/php/20160303/msql.so' - /usr/lib/php/20160303/msql.so: cannot open shared object file: No such file or directory in Unknown on line 0
[03-Jul-2017 00:44:02 America/Sao_Paulo] PHP Warning:  PHP Startup: Unable to load dynamic library '/usr/lib/php/20160303/php_mysqli.dll' - /usr/lib/php/20160303/php_mysqli.dll: cannot open shared object file: No such file or directory in Unknown on line 0
[03-Jul-2017 00:44:02 America/Sao_Paulo] PHP Warning:  PHP Startup: Unable to load dynamic library '/usr/lib/php/20160303/php_pdo_mysql.dll' - /usr/lib/php/20160303/php_pdo_mysql.dll: cannot open shared object file: No such file or directory in Unknown on line 0
[03-Jul-2017 00:44:02 America/Sao_Paulo] PHP Warning:  PHP Startup: Unable to load dynamic library '/usr/lib/php/20160303/php_pdo_pgsql.dll' - /usr/lib/php/20160303/php_pdo_pgsql.dll: cannot open shared object file: No such file or directory in Unknown on line 0
[03-Jul-2017 00:44:02 America/Sao_Paulo] PHP Warning:  PHP Startup: Unable to load dynamic library '/usr/lib/php/20160303/php_pdo_sqlite.dll' - /usr/lib/php/20160303/php_pdo_sqlite.dll: cannot open shared object file: No such file or directory in Unknown on line 0
[03-Jul-2017 00:44:02 America/Sao_Paulo] PHP Warning:  PHP Startup: Unable to load dynamic library '/usr/lib/php/20160303/php_pgsql.dll' - /usr/lib/php/20160303/php_pgsql.dll: cannot open shared object file: No such file or directory in Unknown on line 0
[03-Jul-2017 00:44:02 America/Sao_Paulo] PHP Warning:  PHP Startup: Unable to load dynamic library '/usr/lib/php/20160303/msql.so' - /usr/lib/php/20160303/msql.so: cannot open shared object file: No such file or directory in Unknown on line 0
[03-Jul-2017 00:44:02 America/Sao_Paulo] PHP Warning:  PHP Startup: Unable to load dynamic library '/usr/lib/php/20160303/php_mysqli.dll' - /usr/lib/php/20160303/php_mysqli.dll: cannot open shared object file: No such file or directory in Unknown on line 0
[03-Jul-2017 00:44:02 America/Sao_Paulo] PHP Warning:  PHP Startup: Unable to load dynamic library '/usr/lib/php/20160303/php_pdo_mysql.dll' - /usr/lib/php/20160303/php_pdo_mysql.dll: cannot open shared object file: No such file or directory in Unknown on line 0
[03-Jul-2017 00:44:02 America/Sao_Paulo] PHP Warning:  PHP Startup: Unable to load dynamic library '/usr/lib/php/20160303/php_pdo_pgsql.dll' - /usr/lib/php/20160303/php_pdo_pgsql.dll: cannot open shared object file: No such file or directory in Unknown on line 0
[03-Jul-2017 00:44:02 America/Sao_Paulo] PHP Warning:  PHP Startup: Unable to load dynamic library '/usr/lib/php/20160303/php_pdo_sqlite.dll' - /usr/lib/php/20160303/php_pdo_sqlite.dll: cannot open shared object file: No such file or directory in Unknown on line 0
[03-Jul-2017 00:44:02 America/Sao_Paulo] PHP Warning:  PHP Startup: Unable to load dynamic library '/usr/lib/php/20160303/php_pgsql.dll' - /usr/lib/php/20160303/php_pgsql.dll: cannot open shared object file: No such file or directory in Unknown on line 0
[03-Jul-2017 00:45:30 America/Sao_Paulo] PHP Warning:  PHP Startup: Unable to load dynamic library '/usr/lib/php/20160303/msql.so' - /usr/lib/php/20160303/msql.so: cannot open shared object file: No such file or directory in Unknown on line 0
[03-Jul-2017 00:45:30 America/Sao_Paulo] PHP Warning:  PHP Startup: Unable to load dynamic library '/usr/lib/php/20160303/php_mysqli.dll' - /usr/lib/php/20160303/php_mysqli.dll: cannot open shared object file: No such file or directory in Unknown on line 0
[03-Jul-2017 00:45:30 America/Sao_Paulo] PHP Warning:  PHP Startup: Unable to load dynamic library '/usr/lib/php/20160303/php_pdo_mysql.dll' - /usr/lib/php/20160303/php_pdo_mysql.dll: cannot open shared object file: No such file or directory in Unknown on line 0
[03-Jul-2017 00:45:30 America/Sao_Paulo] PHP Warning:  PHP Startup: Unable to load dynamic library '/usr/lib/php/20160303/php_pdo_pgsql.dll' - /usr/lib/php/20160303/php_pdo_pgsql.dll: cannot open shared object file: No such file or directory in Unknown on line 0
[03-Jul-2017 00:45:30 America/Sao_Paulo] PHP Warning:  PHP Startup: Unable to load dynamic library '/usr/lib/php/20160303/php_pdo_sqlite.dll' - /usr/lib/php/20160303/php_pdo_sqlite.dll: cannot open shared object file: No such file or directory in Unknown on line 0
[03-Jul-2017 00:45:30 America/Sao_Paulo] PHP Warning:  PHP Startup: Unable to load dynamic library '/usr/lib/php/20160303/php_pgsql.dll' - /usr/lib/php/20160303/php_pgsql.dll: cannot open shared object file: No such file or directory in Unknown on line 0
[03-Jul-2017 00:45:30 America/Sao_Paulo] PHP Warning:  PHP Startup: Unable to load dynamic library '/usr/lib/php/20160303/msql.so' - /usr/lib/php/20160303/msql.so: cannot open shared object file: No such file or directory in Unknown on line 0
[03-Jul-2017 00:45:30 America/Sao_Paulo] PHP Warning:  PHP Startup: Unable to load dynamic library '/usr/lib/php/20160303/php_mysqli.dll' - /usr/lib/php/20160303/php_mysqli.dll: cannot open shared object file: No such file or directory in Unknown on line 0
[03-Jul-2017 00:45:30 America/Sao_Paulo] PHP Warning:  PHP Startup: Unable to load dynamic library '/usr/lib/php/20160303/php_pdo_mysql.dll' - /usr/lib/php/20160303/php_pdo_mysql.dll: cannot open shared object file: No such file or directory in Unknown on line 0
[03-Jul-2017 00:45:30 America/Sao_Paulo] PHP Warning:  PHP Startup: Unable to load dynamic library '/usr/lib/php/20160303/php_pdo_pgsql.dll' - /usr/lib/php/20160303/php_pdo_pgsql.dll: cannot open shared object file: No such file or directory in Unknown on line 0
[03-Jul-2017 00:45:30 America/Sao_Paulo] PHP Warning:  PHP Startup: Unable to load dynamic library '/usr/lib/php/20160303/php_pdo_sqlite.dll' - /usr/lib/php/20160303/php_pdo_sqlite.dll: cannot open shared object file: No such file or directory in Unknown on line 0
[03-Jul-2017 00:45:30 America/Sao_Paulo] PHP Warning:  PHP Startup: Unable to load dynamic library '/usr/lib/php/20160303/php_pgsql.dll' - /usr/lib/php/20160303/php_pgsql.dll: cannot open shared object file: No such file or directory in Unknown on line 0
[03-Jul-2017 00:45:30 America/Sao_Paulo] PHP Warning:  PHP Startup: Unable to load dynamic library '/usr/lib/php/20160303/msql.so' - /usr/lib/php/20160303/msql.so: cannot open shared object file: No such file or directory in Unknown on line 0
[03-Jul-2017 00:45:30 America/Sao_Paulo] PHP Warning:  PHP Startup: Unable to load dynamic library '/usr/lib/php/20160303/php_mysqli.dll' - /usr/lib/php/20160303/php_mysqli.dll: cannot open shared object file: No such file or directory in Unknown on line 0
[03-Jul-2017 00:45:30 America/Sao_Paulo] PHP Warning:  PHP Startup: Unable to load dynamic library '/usr/lib/php/20160303/php_pdo_mysql.dll' - /usr/lib/php/20160303/php_pdo_mysql.dll: cannot open shared object file: No such file or directory in Unknown on line 0
[03-Jul-2017 00:45:30 America/Sao_Paulo] PHP Warning:  PHP Startup: Unable to load dynamic library '/usr/lib/php/20160303/php_pdo_pgsql.dll' - /usr/lib/php/20160303/php_pdo_pgsql.dll: cannot open shared object file: No such file or directory in Unknown on line 0
[03-Jul-2017 00:45:30 America/Sao_Paulo] PHP Warning:  PHP Startup: Unable to load dynamic library '/usr/lib/php/20160303/php_pdo_sqlite.dll' - /usr/lib/php/20160303/php_pdo_sqlite.dll: cannot open shared object file: No such file or directory in Unknown on line 0
[03-Jul-2017 00:45:30 America/Sao_Paulo] PHP Warning:  PHP Startup: Unable to load dynamic library '/usr/lib/php/20160303/php_pgsql.dll' - /usr/lib/php/20160303/php_pgsql.dll: cannot open shared object file: No such file or directory in Unknown on line 0
[03-Jul-2017 00:45:30 America/Sao_Paulo] PHP Warning:  PHP Startup: Unable to load dynamic library '/usr/lib/php/20160303/msql.so' - /usr/lib/php/20160303/msql.so: cannot open shared object file: No such file or directory in Unknown on line 0
[03-Jul-2017 00:45:30 America/Sao_Paulo] PHP Warning:  PHP Startup: Unable to load dynamic library '/usr/lib/php/20160303/php_mysqli.dll' - /usr/lib/php/20160303/php_mysqli.dll: cannot open shared object file: No such file or directory in Unknown on line 0
[03-Jul-2017 00:45:30 America/Sao_Paulo] PHP Warning:  PHP Startup: Unable to load dynamic library '/usr/lib/php/20160303/php_pdo_mysql.dll' - /usr/lib/php/20160303/php_pdo_mysql.dll: cannot open shared object file: No such file or directory in Unknown on line 0
[03-Jul-2017 00:45:30 America/Sao_Paulo] PHP Warning:  PHP Startup: Unable to load dynamic library '/usr/lib/php/20160303/php_pdo_pgsql.dll' - /usr/lib/php/20160303/php_pdo_pgsql.dll: cannot open shared object file: No such file or directory in Unknown on line 0
[03-Jul-2017 00:45:30 America/Sao_Paulo] PHP Warning:  PHP Startup: Unable to load dynamic library '/usr/lib/php/20160303/php_pdo_sqlite.dll' - /usr/lib/php/20160303/php_pdo_sqlite.dll: cannot open shared object file: No such file or directory in Unknown on line 0
[03-Jul-2017 00:45:30 America/Sao_Paulo] PHP Warning:  PHP Startup: Unable to load dynamic library '/usr/lib/php/20160303/php_pgsql.dll' - /usr/lib/php/20160303/php_pgsql.dll: cannot open shared object file: No such file or directory in Unknown on line 0
[03-Jul-2017 00:46:22 America/Sao_Paulo] PHP Warning:  PHP Startup: Unable to load dynamic library '/usr/lib/php/20160303/msql.so' - /usr/lib/php/20160303/msql.so: cannot open shared object file: No such file or directory in Unknown on line 0
[03-Jul-2017 00:46:22 America/Sao_Paulo] PHP Warning:  PHP Startup: Unable to load dynamic library '/usr/lib/php/20160303/php_mysqli.dll' - /usr/lib/php/20160303/php_mysqli.dll: cannot open shared object file: No such file or directory in Unknown on line 0
[03-Jul-2017 00:46:22 America/Sao_Paulo] PHP Warning:  PHP Startup: Unable to load dynamic library '/usr/lib/php/20160303/php_pdo_mysql.dll' - /usr/lib/php/20160303/php_pdo_mysql.dll: cannot open shared object file: No such file or directory in Unknown on line 0
[03-Jul-2017 00:46:22 America/Sao_Paulo] PHP Warning:  PHP Startup: Unable to load dynamic library '/usr/lib/php/20160303/php_pdo_pgsql.dll' - /usr/lib/php/20160303/php_pdo_pgsql.dll: cannot open shared object file: No such file or directory in Unknown on line 0
[03-Jul-2017 00:46:22 America/Sao_Paulo] PHP Warning:  PHP Startup: Unable to load dynamic library '/usr/lib/php/20160303/php_pdo_sqlite.dll' - /usr/lib/php/20160303/php_pdo_sqlite.dll: cannot open shared object file: No such file or directory in Unknown on line 0
[03-Jul-2017 00:46:22 America/Sao_Paulo] PHP Warning:  PHP Startup: Unable to load dynamic library '/usr/lib/php/20160303/php_pgsql.dll' - /usr/lib/php/20160303/php_pgsql.dll: cannot open shared object file: No such file or directory in Unknown on line 0
[03-Jul-2017 00:46:22 America/Sao_Paulo] PHP Warning:  PHP Startup: Unable to load dynamic library '/usr/lib/php/20160303/msql.so' - /usr/lib/php/20160303/msql.so: cannot open shared object file: No such file or directory in Unknown on line 0
[03-Jul-2017 00:46:22 America/Sao_Paulo] PHP Warning:  PHP Startup: Unable to load dynamic library '/usr/lib/php/20160303/php_mysqli.dll' - /usr/lib/php/20160303/php_mysqli.dll: cannot open shared object file: No such file or directory in Unknown on line 0
[03-Jul-2017 00:46:22 America/Sao_Paulo] PHP Warning:  PHP Startup: Unable to load dynamic library '/usr/lib/php/20160303/php_pdo_mysql.dll' - /usr/lib/php/20160303/php_pdo_mysql.dll: cannot open shared object file: No such file or directory in Unknown on line 0
[03-Jul-2017 00:46:22 America/Sao_Paulo] PHP Warning:  PHP Startup: Unable to load dynamic library '/usr/lib/php/20160303/php_pdo_pgsql.dll' - /usr/lib/php/20160303/php_pdo_pgsql.dll: cannot open shared object file: No such file or directory in Unknown on line 0
[03-Jul-2017 00:46:22 America/Sao_Paulo] PHP Warning:  PHP Startup: Unable to load dynamic library '/usr/lib/php/20160303/php_pdo_sqlite.dll' - /usr/lib/php/20160303/php_pdo_sqlite.dll: cannot open shared object file: No such file or directory in Unknown on line 0
[03-Jul-2017 00:46:22 America/Sao_Paulo] PHP Warning:  PHP Startup: Unable to load dynamic library '/usr/lib/php/20160303/php_pgsql.dll' - /usr/lib/php/20160303/php_pgsql.dll: cannot open shared object file: No such file or directory in Unknown on line 0
[03-Jul-2017 00:46:22 America/Sao_Paulo] PHP Warning:  PHP Startup: Unable to load dynamic library '/usr/lib/php/20160303/msql.so' - /usr/lib/php/20160303/msql.so: cannot open shared object file: No such file or directory in Unknown on line 0
[03-Jul-2017 00:46:22 America/Sao_Paulo] PHP Warning:  PHP Startup: Unable to load dynamic library '/usr/lib/php/20160303/php_mysqli.dll' - /usr/lib/php/20160303/php_mysqli.dll: cannot open shared object file: No such file or directory in Unknown on line 0
[03-Jul-2017 00:46:22 America/Sao_Paulo] PHP Warning:  PHP Startup: Unable to load dynamic library '/usr/lib/php/20160303/php_pdo_mysql.dll' - /usr/lib/php/20160303/php_pdo_mysql.dll: cannot open shared object file: No such file or directory in Unknown on line 0
[03-Jul-2017 00:46:22 America/Sao_Paulo] PHP Warning:  PHP Startup: Unable to load dynamic library '/usr/lib/php/20160303/php_pdo_pgsql.dll' - /usr/lib/php/20160303/php_pdo_pgsql.dll: cannot open shared object file: No such file or directory in Unknown on line 0
[03-Jul-2017 00:46:22 America/Sao_Paulo] PHP Warning:  PHP Startup: Unable to load dynamic library '/usr/lib/php/20160303/php_pdo_sqlite.dll' - /usr/lib/php/20160303/php_pdo_sqlite.dll: cannot open shared object file: No such file or directory in Unknown on line 0
[03-Jul-2017 00:46:22 America/Sao_Paulo] PHP Warning:  PHP Startup: Unable to load dynamic library '/usr/lib/php/20160303/php_pgsql.dll' - /usr/lib/php/20160303/php_pgsql.dll: cannot open shared object file: No such file or directory in Unknown on line 0
[03-Jul-2017 00:46:22 America/Sao_Paulo] PHP Warning:  PHP Startup: Unable to load dynamic library '/usr/lib/php/20160303/msql.so' - /usr/lib/php/20160303/msql.so: cannot open shared object file: No such file or directory in Unknown on line 0
[03-Jul-2017 00:46:22 America/Sao_Paulo] PHP Warning:  PHP Startup: Unable to load dynamic library '/usr/lib/php/20160303/php_mysqli.dll' - /usr/lib/php/20160303/php_mysqli.dll: cannot open shared object file: No such file or directory in Unknown on line 0
[03-Jul-2017 00:46:22 America/Sao_Paulo] PHP Warning:  PHP Startup: Unable to load dynamic library '/usr/lib/php/20160303/php_pdo_mysql.dll' - /usr/lib/php/20160303/php_pdo_mysql.dll: cannot open shared object file: No such file or directory in Unknown on line 0
[03-Jul-2017 00:46:22 America/Sao_Paulo] PHP Warning:  PHP Startup: Unable to load dynamic library '/usr/lib/php/20160303/php_pdo_pgsql.dll' - /usr/lib/php/20160303/php_pdo_pgsql.dll: cannot open shared object file: No such file or directory in Unknown on line 0
[03-Jul-2017 00:46:22 America/Sao_Paulo] PHP Warning:  PHP Startup: Unable to load dynamic library '/usr/lib/php/20160303/php_pdo_sqlite.dll' - /usr/lib/php/20160303/php_pdo_sqlite.dll: cannot open shared object file: No such file or directory in Unknown on line 0
[03-Jul-2017 00:46:22 America/Sao_Paulo] PHP Warning:  PHP Startup: Unable to load dynamic library '/usr/lib/php/20160303/php_pgsql.dll' - /usr/lib/php/20160303/php_pgsql.dll: cannot open shared object file: No such file or directory in Unknown on line 0
[03-Jul-2017 00:47:48 America/Sao_Paulo] PHP Warning:  PHP Startup: Unable to load dynamic library '/usr/lib/php/20160303/msql.so' - /usr/lib/php/20160303/msql.so: cannot open shared object file: No such file or directory in Unknown on line 0
[03-Jul-2017 00:47:48 America/Sao_Paulo] PHP Warning:  PHP Startup: Unable to load dynamic library '/usr/lib/php/20160303/php_mysqli.dll' - /usr/lib/php/20160303/php_mysqli.dll: cannot open shared object file: No such file or directory in Unknown on line 0
[03-Jul-2017 00:47:48 America/Sao_Paulo] PHP Warning:  PHP Startup: Unable to load dynamic library '/usr/lib/php/20160303/php_pdo_mysql.dll' - /usr/lib/php/20160303/php_pdo_mysql.dll: cannot open shared object file: No such file or directory in Unknown on line 0
[03-Jul-2017 00:47:48 America/Sao_Paulo] PHP Warning:  PHP Startup: Unable to load dynamic library '/usr/lib/php/20160303/php_pdo_pgsql.dll' - /usr/lib/php/20160303/php_pdo_pgsql.dll: cannot open shared object file: No such file or directory in Unknown on line 0
[03-Jul-2017 00:47:48 America/Sao_Paulo] PHP Warning:  PHP Startup: Unable to load dynamic library '/usr/lib/php/20160303/php_pdo_sqlite.dll' - /usr/lib/php/20160303/php_pdo_sqlite.dll: cannot open shared object file: No such file or directory in Unknown on line 0
[03-Jul-2017 00:47:48 America/Sao_Paulo] PHP Warning:  PHP Startup: Unable to load dynamic library '/usr/lib/php/20160303/php_pgsql.dll' - /usr/lib/php/20160303/php_pgsql.dll: cannot open shared object file: No such file or directory in Unknown on line 0
[03-Jul-2017 00:47:48 America/Sao_Paulo] PHP Parse error:  syntax error, unexpected '"iniciando..."' (T_CONSTANT_ENCAPSED_STRING), expecting ',' or ';' in /home/marcio/Área de trabalho/php-financas/migrate.seed.php on line 2
[03-Jul-2017 00:49:12 America/Sao_Paulo] PHP Warning:  PHP Startup: Unable to load dynamic library '/usr/lib/php/20160303/msql.so' - /usr/lib/php/20160303/msql.so: cannot open shared object file: No such file or directory in Unknown on line 0
[03-Jul-2017 00:49:12 America/Sao_Paulo] PHP Warning:  PHP Startup: Unable to load dynamic library '/usr/lib/php/20160303/php_mysqli.dll' - /usr/lib/php/20160303/php_mysqli.dll: cannot open shared object file: No such file or directory in Unknown on line 0
[03-Jul-2017 00:49:12 America/Sao_Paulo] PHP Warning:  PHP Startup: Unable to load dynamic library '/usr/lib/php/20160303/php_pdo_mysql.dll' - /usr/lib/php/20160303/php_pdo_mysql.dll: cannot open shared object file: No such file or directory in Unknown on line 0
[03-Jul-2017 00:49:12 America/Sao_Paulo] PHP Warning:  PHP Startup: Unable to load dynamic library '/usr/lib/php/20160303/php_pdo_pgsql.dll' - /usr/lib/php/20160303/php_pdo_pgsql.dll: cannot open shared object file: No such file or directory in Unknown on line 0
[03-Jul-2017 00:49:12 America/Sao_Paulo] PHP Warning:  PHP Startup: Unable to load dynamic library '/usr/lib/php/20160303/php_pdo_sqlite.dll' - /usr/lib/php/20160303/php_pdo_sqlite.dll: cannot open shared object file: No such file or directory in Unknown on line 0
[03-Jul-2017 00:49:12 America/Sao_Paulo] PHP Warning:  PHP Startup: Unable to load dynamic library '/usr/lib/php/20160303/php_pgsql.dll' - /usr/lib/php/20160303/php_pgsql.dll: cannot open shared object file: No such file or directory in Unknown on line 0
[03-Jul-2017 00:49:12 America/Sao_Paulo] PHP Parse error:  syntax error, unexpected '"iniciando...\n"' (T_CONSTANT_ENCAPSED_STRING), expecting ',' or ';' in /home/marcio/Área de trabalho/php-financas/migrate.seed.php on line 2
[03-Jul-2017 00:50:02 America/Sao_Paulo] PHP Warning:  PHP Startup: Unable to load dynamic library '/usr/lib/php/20160303/msql.so' - /usr/lib/php/20160303/msql.so: cannot open shared object file: No such file or directory in Unknown on line 0
[03-Jul-2017 00:50:02 America/Sao_Paulo] PHP Warning:  PHP Startup: Unable to load dynamic library '/usr/lib/php/20160303/php_mysqli.dll' - /usr/lib/php/20160303/php_mysqli.dll: cannot open shared object file: No such file or directory in Unknown on line 0
[03-Jul-2017 00:50:02 America/Sao_Paulo] PHP Warning:  PHP Startup: Unable to load dynamic library '/usr/lib/php/20160303/php_pdo_mysql.dll' - /usr/lib/php/20160303/php_pdo_mysql.dll: cannot open shared object file: No such file or directory in Unknown on line 0
[03-Jul-2017 00:50:02 America/Sao_Paulo] PHP Warning:  PHP Startup: Unable to load dynamic library '/usr/lib/php/20160303/php_pdo_pgsql.dll' - /usr/lib/php/20160303/php_pdo_pgsql.dll: cannot open shared object file: No such file or directory in Unknown on line 0
[03-Jul-2017 00:50:02 America/Sao_Paulo] PHP Warning:  PHP Startup: Unable to load dynamic library '/usr/lib/php/20160303/php_pdo_sqlite.dll' - /usr/lib/php/20160303/php_pdo_sqlite.dll: cannot open shared object file: No such file or directory in Unknown on line 0
[03-Jul-2017 00:50:02 America/Sao_Paulo] PHP Warning:  PHP Startup: Unable to load dynamic library '/usr/lib/php/20160303/php_pgsql.dll' - /usr/lib/php/20160303/php_pgsql.dll: cannot open shared object file: No such file or directory in Unknown on line 0
[03-Jul-2017 00:50:02 America/Sao_Paulo] PHP Warning:  PHP Startup: Unable to load dynamic library '/usr/lib/php/20160303/msql.so' - /usr/lib/php/20160303/msql.so: cannot open shared object file: No such file or directory in Unknown on line 0
[03-Jul-2017 00:50:02 America/Sao_Paulo] PHP Warning:  PHP Startup: Unable to load dynamic library '/usr/lib/php/20160303/php_mysqli.dll' - /usr/lib/php/20160303/php_mysqli.dll: cannot open shared object file: No such file or directory in Unknown on line 0
[03-Jul-2017 00:50:02 America/Sao_Paulo] PHP Warning:  PHP Startup: Unable to load dynamic library '/usr/lib/php/20160303/php_pdo_mysql.dll' - /usr/lib/php/20160303/php_pdo_mysql.dll: cannot open shared object file: No such file or directory in Unknown on line 0
[03-Jul-2017 00:50:02 America/Sao_Paulo] PHP Warning:  PHP Startup: Unable to load dynamic library '/usr/lib/php/20160303/php_pdo_pgsql.dll' - /usr/lib/php/20160303/php_pdo_pgsql.dll: cannot open shared object file: No such file or directory in Unknown on line 0
[03-Jul-2017 00:50:02 America/Sao_Paulo] PHP Warning:  PHP Startup: Unable to load dynamic library '/usr/lib/php/20160303/php_pdo_sqlite.dll' - /usr/lib/php/20160303/php_pdo_sqlite.dll: cannot open shared object file: No such file or directory in Unknown on line 0
[03-Jul-2017 00:50:02 America/Sao_Paulo] PHP Warning:  PHP Startup: Unable to load dynamic library '/usr/lib/php/20160303/php_pgsql.dll' - /usr/lib/php/20160303/php_pgsql.dll: cannot open shared object file: No such file or directory in Unknown on line 0
[03-Jul-2017 00:50:02 America/Sao_Paulo] PHP Warning:  PHP Startup: Unable to load dynamic library '/usr/lib/php/20160303/msql.so' - /usr/lib/php/20160303/msql.so: cannot open shared object file: No such file or directory in Unknown on line 0
[03-Jul-2017 00:50:02 America/Sao_Paulo] PHP Warning:  PHP Startup: Unable to load dynamic library '/usr/lib/php/20160303/php_mysqli.dll' - /usr/lib/php/20160303/php_mysqli.dll: cannot open shared object file: No such file or directory in Unknown on line 0
[03-Jul-2017 00:50:02 America/Sao_Paulo] PHP Warning:  PHP Startup: Unable to load dynamic library '/usr/lib/php/20160303/php_pdo_mysql.dll' - /usr/lib/php/20160303/php_pdo_mysql.dll: cannot open shared object file: No such file or directory in Unknown on line 0
[03-Jul-2017 00:50:02 America/Sao_Paulo] PHP Warning:  PHP Startup: Unable to load dynamic library '/usr/lib/php/20160303/php_pdo_pgsql.dll' - /usr/lib/php/20160303/php_pdo_pgsql.dll: cannot open shared object file: No such file or directory in Unknown on line 0
[03-Jul-2017 00:50:02 America/Sao_Paulo] PHP Warning:  PHP Startup: Unable to load dynamic library '/usr/lib/php/20160303/php_pdo_sqlite.dll' - /usr/lib/php/20160303/php_pdo_sqlite.dll: cannot open shared object file: No such file or directory in Unknown on line 0
[03-Jul-2017 00:50:02 America/Sao_Paulo] PHP Warning:  PHP Startup: Unable to load dynamic library '/usr/lib/php/20160303/php_pgsql.dll' - /usr/lib/php/20160303/php_pgsql.dll: cannot open shared object file: No such file or directory in Unknown on line 0
[03-Jul-2017 00:50:02 America/Sao_Paulo] PHP Warning:  PHP Startup: Unable to load dynamic library '/usr/lib/php/20160303/msql.so' - /usr/lib/php/20160303/msql.so: cannot open shared object file: No such file or directory in Unknown on line 0
[03-Jul-2017 00:50:02 America/Sao_Paulo] PHP Warning:  PHP Startup: Unable to load dynamic library '/usr/lib/php/20160303/php_mysqli.dll' - /usr/lib/php/20160303/php_mysqli.dll: cannot open shared object file: No such file or directory in Unknown on line 0
[03-Jul-2017 00:50:02 America/Sao_Paulo] PHP Warning:  PHP Startup: Unable to load dynamic library '/usr/lib/php/20160303/php_pdo_mysql.dll' - /usr/lib/php/20160303/php_pdo_mysql.dll: cannot open shared object file: No such file or directory in Unknown on line 0
[03-Jul-2017 00:50:02 America/Sao_Paulo] PHP Warning:  PHP Startup: Unable to load dynamic library '/usr/lib/php/20160303/php_pdo_pgsql.dll' - /usr/lib/php/20160303/php_pdo_pgsql.dll: cannot open shared object file: No such file or directory in Unknown on line 0
[03-Jul-2017 00:50:02 America/Sao_Paulo] PHP Warning:  PHP Startup: Unable to load dynamic library '/usr/lib/php/20160303/php_pdo_sqlite.dll' - /usr/lib/php/20160303/php_pdo_sqlite.dll: cannot open shared object file: No such file or directory in Unknown on line 0
[03-Jul-2017 00:50:02 America/Sao_Paulo] PHP Warning:  PHP Startup: Unable to load dynamic library '/usr/lib/php/20160303/php_pgsql.dll' - /usr/lib/php/20160303/php_pgsql.dll: cannot open shared object file: No such file or directory in Unknown on line 0
